INFO	2018-06-10 15:32:05,680	0	org.springframework.web.context.ContextLoader	[main]	Root WebApplicationContext: initialization started
INFO	2018-06-10 15:32:05,757	77	org.springframework.web.context.support.XmlWebApplicationContext	[main]	Refreshing Root WebApplicationContext: startup date [Sun Jun 10 15:32:05 CLT 2018]; root of context hierarchy
INFO	2018-06-10 15:32:05,932	252	org.springframework.beans.factory.xml.XmlBeanDefinitionReader	[main]	Loading XML bean definitions from file [/Users/wolfx/Documents/Facultad/Desapp/desapp-unq-grupo-c-012018/desapp-groupc-backend/target/classes/applicationContext.xml]
INFO	2018-06-10 15:32:06,077	397	org.springframework.beans.factory.xml.XmlBeanDefinitionReader	[main]	Loading XML bean definitions from class path resource [META-INF/cxf/cxf.xml]
INFO	2018-06-10 15:32:06,092	412	org.springframework.beans.factory.xml.XmlBeanDefinitionReader	[main]	Loading XML bean definitions from class path resource [META-INF/cxf/cxf-extension-soap.xml]
INFO	2018-06-10 15:32:06,110	430	org.springframework.beans.factory.xml.XmlBeanDefinitionReader	[main]	Loading XML bean definitions from class path resource [META-INF/cxf/cxf-servlet.xml]
INFO	2018-06-10 15:32:06,292	612	org.springframework.beans.factory.config.PropertyPlaceholderConfigurer	[main]	Loading properties file from URL [file:/Users/wolfx/Documents/Facultad/Desapp/desapp-unq-grupo-c-012018/desapp-groupc-backend/target/classes/hibernate.properties]
INFO	2018-06-10 15:32:06,292	612	org.springframework.beans.factory.config.PropertyPlaceholderConfigurer	[main]	Loading properties file from URL [file:/Users/wolfx/Documents/Facultad/Desapp/desapp-unq-grupo-c-012018/desapp-groupc-backend/target/classes/jdbc.properties]
INFO	2018-06-10 15:32:07,096	1416	org.hibernate.annotations.common.Version	[main]	HCANN000001: Hibernate Commons Annotations {4.0.5.Final}
INFO	2018-06-10 15:32:07,104	1424	org.hibernate.Version	[main]	HHH000412: Hibernate Core {4.3.6.Final}
INFO	2018-06-10 15:32:07,107	1427	org.hibernate.cfg.Environment	[main]	HHH000205: Loaded properties from resource hibernate.properties: {hibernate.connection.driver_class=${jdbc.driverClassName}, hibernate.default_schema=public, hibernate.dialect=org.hibernate.dialect.HSQLDialect, hibernate.connection.username=${jdbc.username}, hibernate.hbm2ddl.auto=create, hibernate.connection.url=${jdbc.url}, hibernate.bytecode.use_reflection_optimizer=false, hibernate.show_sql=true, hibernate.connection.password=****, <!--=You'd probably want to change this to update to run it for the first time :) -->}
INFO	2018-06-10 15:32:07,108	1428	org.hibernate.cfg.Environment	[main]	HHH000021: Bytecode provider name : javassist
INFO	2018-06-10 15:32:07,939	2259	org.hibernate.dialect.Dialect	[main]	HHH000400: Using dialect: org.hibernate.dialect.HSQLDialect
INFO	2018-06-10 15:32:08,147	2467	org.hibernate.engine.transaction.internal.TransactionFactoryInitiator	[main]	HHH000399: Using default transaction strategy (direct JDBC transactions)
INFO	2018-06-10 15:32:08,151	2471	org.hibernate.hql.internal.ast.ASTQueryTranslatorFactory	[main]	HHH000397: Using ASTQueryTranslatorFactory
INFO	2018-06-10 15:32:08,445	2765	org.hibernate.tool.hbm2ddl.SchemaExport	[main]	HHH000227: Running hbm2ddl schema export
ERROR	2018-06-10 15:32:08,450	2770	org.hibernate.tool.hbm2ddl.SchemaExport	[main]	HHH000389: Unsuccessful: alter table public.PUBLICATION_ACCEPTEDRESERVATION drop constraint FK_e06c3untaavvodta90axijbcj
ERROR	2018-06-10 15:32:08,450	2770	org.hibernate.tool.hbm2ddl.SchemaExport	[main]	user lacks privilege or object not found: PUBLIC.PUBLICATION_ACCEPTEDRESERVATION
ERROR	2018-06-10 15:32:08,450	2770	org.hibernate.tool.hbm2ddl.SchemaExport	[main]	HHH000389: Unsuccessful: alter table public.PUBLICATION_ACCEPTEDRESERVATION drop constraint FK_frp6wwwrb7ne9ofvb4wmnlpr
ERROR	2018-06-10 15:32:08,450	2770	org.hibernate.tool.hbm2ddl.SchemaExport	[main]	user lacks privilege or object not found: PUBLIC.PUBLICATION_ACCEPTEDRESERVATION
ERROR	2018-06-10 15:32:08,450	2770	org.hibernate.tool.hbm2ddl.SchemaExport	[main]	HHH000389: Unsuccessful: alter table public.PUBLICATION_RESERVATION drop constraint FK_p9rt5uya8erahg41foofwap2w
ERROR	2018-06-10 15:32:08,450	2770	org.hibernate.tool.hbm2ddl.SchemaExport	[main]	user lacks privilege or object not found: PUBLIC.PUBLICATION_RESERVATION
ERROR	2018-06-10 15:32:08,450	2770	org.hibernate.tool.hbm2ddl.SchemaExport	[main]	HHH000389: Unsuccessful: alter table public.PUBLICATION_RESERVATION drop constraint FK_gnu96sfktbuefrx3igosctf7c
ERROR	2018-06-10 15:32:08,450	2770	org.hibernate.tool.hbm2ddl.SchemaExport	[main]	user lacks privilege or object not found: PUBLIC.PUBLICATION_RESERVATION
ERROR	2018-06-10 15:32:08,451	2771	org.hibernate.tool.hbm2ddl.SchemaExport	[main]	HHH000389: Unsuccessful: alter table public.Publication drop constraint FK_a4645lv6055b71cb6f8kjw1jb
ERROR	2018-06-10 15:32:08,451	2771	org.hibernate.tool.hbm2ddl.SchemaExport	[main]	user lacks privilege or object not found: PUBLIC.PUBLICATION
ERROR	2018-06-10 15:32:08,451	2771	org.hibernate.tool.hbm2ddl.SchemaExport	[main]	HHH000389: Unsuccessful: alter table public.Publication drop constraint FK_qa2bqqbaf9ow46qwewpym6yy9
ERROR	2018-06-10 15:32:08,451	2771	org.hibernate.tool.hbm2ddl.SchemaExport	[main]	user lacks privilege or object not found: PUBLIC.PUBLICATION
ERROR	2018-06-10 15:32:08,451	2771	org.hibernate.tool.hbm2ddl.SchemaExport	[main]	HHH000389: Unsuccessful: alter table public.Publication drop constraint FK_o1yugyaoot1vrbnu39wdjmur4
ERROR	2018-06-10 15:32:08,451	2771	org.hibernate.tool.hbm2ddl.SchemaExport	[main]	user lacks privilege or object not found: PUBLIC.PUBLICATION
ERROR	2018-06-10 15:32:08,451	2771	org.hibernate.tool.hbm2ddl.SchemaExport	[main]	HHH000389: Unsuccessful: alter table public.Reservation drop constraint FK_6vn8g5cb3gk4st4c27nh17vky
ERROR	2018-06-10 15:32:08,451	2771	org.hibernate.tool.hbm2ddl.SchemaExport	[main]	user lacks privilege or object not found: PUBLIC.RESERVATION
ERROR	2018-06-10 15:32:08,451	2771	org.hibernate.tool.hbm2ddl.SchemaExport	[main]	HHH000389: Unsuccessful: alter table public.Reservation drop constraint FK_9n8vmuoncni5dp0od13o1m9i2
ERROR	2018-06-10 15:32:08,452	2772	org.hibernate.tool.hbm2ddl.SchemaExport	[main]	user lacks privilege or object not found: PUBLIC.RESERVATION
ERROR	2018-06-10 15:32:08,452	2772	org.hibernate.tool.hbm2ddl.SchemaExport	[main]	HHH000389: Unsuccessful: alter table public.USER_VEHICLES drop constraint FK_gw9o7r1l16chpi9jacb77oynw
ERROR	2018-06-10 15:32:08,452	2772	org.hibernate.tool.hbm2ddl.SchemaExport	[main]	user lacks privilege or object not found: PUBLIC.USER_VEHICLES
ERROR	2018-06-10 15:32:08,452	2772	org.hibernate.tool.hbm2ddl.SchemaExport	[main]	HHH000389: Unsuccessful: alter table public.USER_VEHICLES drop constraint FK_3hdm9puulfwwvn9om3j16mv7x
ERROR	2018-06-10 15:32:08,452	2772	org.hibernate.tool.hbm2ddl.SchemaExport	[main]	user lacks privilege or object not found: PUBLIC.USER_VEHICLES
ERROR	2018-06-10 15:32:08,452	2772	org.hibernate.tool.hbm2ddl.SchemaExport	[main]	HHH000389: Unsuccessful: alter table public.User_Publication drop constraint FK_83g4aika75imndku104wan6jf
ERROR	2018-06-10 15:32:08,452	2772	org.hibernate.tool.hbm2ddl.SchemaExport	[main]	user lacks privilege or object not found: PUBLIC.USER_PUBLICATION
ERROR	2018-06-10 15:32:08,452	2772	org.hibernate.tool.hbm2ddl.SchemaExport	[main]	HHH000389: Unsuccessful: alter table public.User_Publication drop constraint FK_gwgva0pxcgy3nvyo3ak5hvn49
ERROR	2018-06-10 15:32:08,452	2772	org.hibernate.tool.hbm2ddl.SchemaExport	[main]	user lacks privilege or object not found: PUBLIC.USER_PUBLICATION
ERROR	2018-06-10 15:32:08,453	2773	org.hibernate.tool.hbm2ddl.SchemaExport	[main]	HHH000389: Unsuccessful: alter table public.Vehicle drop constraint FK_8f3vo60r2ev0gjii3oha3r0m6
ERROR	2018-06-10 15:32:08,453	2773	org.hibernate.tool.hbm2ddl.SchemaExport	[main]	user lacks privilege or object not found: PUBLIC.VEHICLE
INFO	2018-06-10 15:32:08,469	2789	org.hibernate.tool.hbm2ddl.SchemaExport	[main]	HHH000230: Schema export complete
INFO	2018-06-10 15:32:08,520	2840	org.springframework.aop.framework.CglibAopProxy	[main]	Unable to proxy method [protected final org.hibernate.Session org.springframework.orm.hibernate4.support.HibernateDaoSupport.currentSession() throws org.springframework.dao.DataAccessResourceFailureException] because it is final: All calls to this method via a proxy will NOT be routed to the target instance.
INFO	2018-06-10 15:32:08,520	2840	org.springframework.aop.framework.CglibAopProxy	[main]	Unable to proxy method [public final void org.springframework.orm.hibernate4.support.HibernateDaoSupport.setSessionFactory(org.hibernate.SessionFactory)] because it is final: All calls to this method via a proxy will NOT be routed to the target instance.
INFO	2018-06-10 15:32:08,520	2840	org.springframework.aop.framework.CglibAopProxy	[main]	Unable to proxy method [public final org.hibernate.SessionFactory org.springframework.orm.hibernate4.support.HibernateDaoSupport.getSessionFactory()] because it is final: All calls to this method via a proxy will NOT be routed to the target instance.
INFO	2018-06-10 15:32:08,520	2840	org.springframework.aop.framework.CglibAopProxy	[main]	Unable to proxy method [public final org.springframework.orm.hibernate4.HibernateTemplate org.springframework.orm.hibernate4.support.HibernateDaoSupport.getHibernateTemplate()] because it is final: All calls to this method via a proxy will NOT be routed to the target instance.
INFO	2018-06-10 15:32:08,520	2840	org.springframework.aop.framework.CglibAopProxy	[main]	Unable to proxy method [public final void org.springframework.orm.hibernate4.support.HibernateDaoSupport.setHibernateTemplate(org.springframework.orm.hibernate4.HibernateTemplate)] because it is final: All calls to this method via a proxy will NOT be routed to the target instance.
INFO	2018-06-10 15:32:08,521	2841	org.springframework.aop.framework.CglibAopProxy	[main]	Unable to proxy method [protected final void org.springframework.orm.hibernate4.support.HibernateDaoSupport.checkDaoConfig()] because it is final: All calls to this method via a proxy will NOT be routed to the target instance.
INFO	2018-06-10 15:32:08,521	2841	org.springframework.aop.framework.CglibAopProxy	[main]	Unable to proxy method [public final void org.springframework.dao.support.DaoSupport.afterPropertiesSet() throws java.lang.IllegalArgumentException,org.springframework.beans.factory.BeanInitializationException] because it is final: All calls to this method via a proxy will NOT be routed to the target instance.
INFO	2018-06-10 15:32:08,703	3023	org.springframework.aop.framework.CglibAopProxy	[main]	Unable to proxy method [protected final org.hibernate.Session org.springframework.orm.hibernate4.support.HibernateDaoSupport.currentSession() throws org.springframework.dao.DataAccessResourceFailureException] because it is final: All calls to this method via a proxy will NOT be routed to the target instance.
INFO	2018-06-10 15:32:08,703	3023	org.springframework.aop.framework.CglibAopProxy	[main]	Unable to proxy method [public final void org.springframework.orm.hibernate4.support.HibernateDaoSupport.setSessionFactory(org.hibernate.SessionFactory)] because it is final: All calls to this method via a proxy will NOT be routed to the target instance.
INFO	2018-06-10 15:32:08,704	3024	org.springframework.aop.framework.CglibAopProxy	[main]	Unable to proxy method [public final org.hibernate.SessionFactory org.springframework.orm.hibernate4.support.HibernateDaoSupport.getSessionFactory()] because it is final: All calls to this method via a proxy will NOT be routed to the target instance.
INFO	2018-06-10 15:32:08,704	3024	org.springframework.aop.framework.CglibAopProxy	[main]	Unable to proxy method [public final org.springframework.orm.hibernate4.HibernateTemplate org.springframework.orm.hibernate4.support.HibernateDaoSupport.getHibernateTemplate()] because it is final: All calls to this method via a proxy will NOT be routed to the target instance.
INFO	2018-06-10 15:32:08,704	3024	org.springframework.aop.framework.CglibAopProxy	[main]	Unable to proxy method [public final void org.springframework.orm.hibernate4.support.HibernateDaoSupport.setHibernateTemplate(org.springframework.orm.hibernate4.HibernateTemplate)] because it is final: All calls to this method via a proxy will NOT be routed to the target instance.
INFO	2018-06-10 15:32:08,704	3024	org.springframework.aop.framework.CglibAopProxy	[main]	Unable to proxy method [protected final void org.springframework.orm.hibernate4.support.HibernateDaoSupport.checkDaoConfig()] because it is final: All calls to this method via a proxy will NOT be routed to the target instance.
INFO	2018-06-10 15:32:08,704	3024	org.springframework.aop.framework.CglibAopProxy	[main]	Unable to proxy method [public final void org.springframework.dao.support.DaoSupport.afterPropertiesSet() throws java.lang.IllegalArgumentException,org.springframework.beans.factory.BeanInitializationException] because it is final: All calls to this method via a proxy will NOT be routed to the target instance.
INFO	2018-06-10 15:32:08,794	3114	org.springframework.aop.framework.CglibAopProxy	[main]	Unable to proxy method [protected final org.hibernate.Session org.springframework.orm.hibernate4.support.HibernateDaoSupport.currentSession() throws org.springframework.dao.DataAccessResourceFailureException] because it is final: All calls to this method via a proxy will NOT be routed to the target instance.
INFO	2018-06-10 15:32:08,794	3114	org.springframework.aop.framework.CglibAopProxy	[main]	Unable to proxy method [public final void org.springframework.orm.hibernate4.support.HibernateDaoSupport.setSessionFactory(org.hibernate.SessionFactory)] because it is final: All calls to this method via a proxy will NOT be routed to the target instance.
INFO	2018-06-10 15:32:08,794	3114	org.springframework.aop.framework.CglibAopProxy	[main]	Unable to proxy method [public final org.hibernate.SessionFactory org.springframework.orm.hibernate4.support.HibernateDaoSupport.getSessionFactory()] because it is final: All calls to this method via a proxy will NOT be routed to the target instance.
INFO	2018-06-10 15:32:08,794	3114	org.springframework.aop.framework.CglibAopProxy	[main]	Unable to proxy method [public final org.springframework.orm.hibernate4.HibernateTemplate org.springframework.orm.hibernate4.support.HibernateDaoSupport.getHibernateTemplate()] because it is final: All calls to this method via a proxy will NOT be routed to the target instance.
INFO	2018-06-10 15:32:08,794	3114	org.springframework.aop.framework.CglibAopProxy	[main]	Unable to proxy method [public final void org.springframework.orm.hibernate4.support.HibernateDaoSupport.setHibernateTemplate(org.springframework.orm.hibernate4.HibernateTemplate)] because it is final: All calls to this method via a proxy will NOT be routed to the target instance.
INFO	2018-06-10 15:32:08,794	3114	org.springframework.aop.framework.CglibAopProxy	[main]	Unable to proxy method [protected final void org.springframework.orm.hibernate4.support.HibernateDaoSupport.checkDaoConfig()] because it is final: All calls to this method via a proxy will NOT be routed to the target instance.
INFO	2018-06-10 15:32:08,794	3114	org.springframework.aop.framework.CglibAopProxy	[main]	Unable to proxy method [public final void org.springframework.dao.support.DaoSupport.afterPropertiesSet() throws java.lang.IllegalArgumentException,org.springframework.beans.factory.BeanInitializationException] because it is final: All calls to this method via a proxy will NOT be routed to the target instance.
INFO	2018-06-10 15:32:09,015	3335	org.apache.cxf.endpoint.ServerImpl	[main]	Setting the server's publish address to be /
INFO	2018-06-10 15:32:09,064	3384	org.springframework.aop.framework.CglibAopProxy	[main]	Unable to proxy method [protected final org.hibernate.Session org.springframework.orm.hibernate4.support.HibernateDaoSupport.currentSession() throws org.springframework.dao.DataAccessResourceFailureException] because it is final: All calls to this method via a proxy will NOT be routed to the target instance.
INFO	2018-06-10 15:32:09,064	3384	org.springframework.aop.framework.CglibAopProxy	[main]	Unable to proxy method [public final void org.springframework.orm.hibernate4.support.HibernateDaoSupport.setSessionFactory(org.hibernate.SessionFactory)] because it is final: All calls to this method via a proxy will NOT be routed to the target instance.
INFO	2018-06-10 15:32:09,064	3384	org.springframework.aop.framework.CglibAopProxy	[main]	Unable to proxy method [public final org.hibernate.SessionFactory org.springframework.orm.hibernate4.support.HibernateDaoSupport.getSessionFactory()] because it is final: All calls to this method via a proxy will NOT be routed to the target instance.
INFO	2018-06-10 15:32:09,064	3384	org.springframework.aop.framework.CglibAopProxy	[main]	Unable to proxy method [public final org.springframework.orm.hibernate4.HibernateTemplate org.springframework.orm.hibernate4.support.HibernateDaoSupport.getHibernateTemplate()] because it is final: All calls to this method via a proxy will NOT be routed to the target instance.
INFO	2018-06-10 15:32:09,064	3384	org.springframework.aop.framework.CglibAopProxy	[main]	Unable to proxy method [public final void org.springframework.orm.hibernate4.support.HibernateDaoSupport.setHibernateTemplate(org.springframework.orm.hibernate4.HibernateTemplate)] because it is final: All calls to this method via a proxy will NOT be routed to the target instance.
INFO	2018-06-10 15:32:09,064	3384	org.springframework.aop.framework.CglibAopProxy	[main]	Unable to proxy method [protected final void org.springframework.orm.hibernate4.support.HibernateDaoSupport.checkDaoConfig()] because it is final: All calls to this method via a proxy will NOT be routed to the target instance.
INFO	2018-06-10 15:32:09,064	3384	org.springframework.aop.framework.CglibAopProxy	[main]	Unable to proxy method [public final void org.springframework.dao.support.DaoSupport.afterPropertiesSet() throws java.lang.IllegalArgumentException,org.springframework.beans.factory.BeanInitializationException] because it is final: All calls to this method via a proxy will NOT be routed to the target instance.
INFO	2018-06-10 15:32:09,101	3421	org.springframework.aop.framework.CglibAopProxy	[main]	Unable to proxy method [protected final org.hibernate.Session org.springframework.orm.hibernate4.support.HibernateDaoSupport.currentSession() throws org.springframework.dao.DataAccessResourceFailureException] because it is final: All calls to this method via a proxy will NOT be routed to the target instance.
INFO	2018-06-10 15:32:09,101	3421	org.springframework.aop.framework.CglibAopProxy	[main]	Unable to proxy method [public final void org.springframework.orm.hibernate4.support.HibernateDaoSupport.setSessionFactory(org.hibernate.SessionFactory)] because it is final: All calls to this method via a proxy will NOT be routed to the target instance.
INFO	2018-06-10 15:32:09,101	3421	org.springframework.aop.framework.CglibAopProxy	[main]	Unable to proxy method [public final org.hibernate.SessionFactory org.springframework.orm.hibernate4.support.HibernateDaoSupport.getSessionFactory()] because it is final: All calls to this method via a proxy will NOT be routed to the target instance.
INFO	2018-06-10 15:32:09,101	3421	org.springframework.aop.framework.CglibAopProxy	[main]	Unable to proxy method [public final org.springframework.orm.hibernate4.HibernateTemplate org.springframework.orm.hibernate4.support.HibernateDaoSupport.getHibernateTemplate()] because it is final: All calls to this method via a proxy will NOT be routed to the target instance.
INFO	2018-06-10 15:32:09,101	3421	org.springframework.aop.framework.CglibAopProxy	[main]	Unable to proxy method [public final void org.springframework.orm.hibernate4.support.HibernateDaoSupport.setHibernateTemplate(org.springframework.orm.hibernate4.HibernateTemplate)] because it is final: All calls to this method via a proxy will NOT be routed to the target instance.
INFO	2018-06-10 15:32:09,101	3421	org.springframework.aop.framework.CglibAopProxy	[main]	Unable to proxy method [protected final void org.springframework.orm.hibernate4.support.HibernateDaoSupport.checkDaoConfig()] because it is final: All calls to this method via a proxy will NOT be routed to the target instance.
INFO	2018-06-10 15:32:09,101	3421	org.springframework.aop.framework.CglibAopProxy	[main]	Unable to proxy method [public final void org.springframework.dao.support.DaoSupport.afterPropertiesSet() throws java.lang.IllegalArgumentException,org.springframework.beans.factory.BeanInitializationException] because it is final: All calls to this method via a proxy will NOT be routed to the target instance.
INFO	2018-06-10 15:32:09,138	3458	org.springframework.orm.hibernate4.HibernateTransactionManager	[main]	Using DataSource [org.apache.commons.dbcp.BasicDataSource@72f855b9] of Hibernate SessionFactory for HibernateTransactionManager
INFO	2018-06-10 15:32:09,157	3477	org.springframework.beans.factory.xml.XmlBeanDefinitionReader	[main]	Loading XML bean definitions from class path resource [org/springframework/jdbc/support/sql-error-codes.xml]
INFO	2018-06-10 15:32:09,187	3507	org.springframework.jdbc.support.SQLErrorCodesFactory	[main]	SQLErrorCodes loaded: [DB2, Derby, H2, HSQL, Informix, MS-SQL, MySQL, Oracle, PostgreSQL, Sybase, Hana]
INFO	2018-06-10 15:32:09,207	3527	org.springframework.web.context.ContextLoader	[main]	Root WebApplicationContext: initialization completed in 3527 ms
INFO	2018-06-10 15:32:15,542	9862	org.apache.cxf.interceptor.LoggingInInterceptor	[qtp119420356-20]	Inbound Message
----------------------------
ID: 1
Address: http://localhost:8080/main/webservices/users
Encoding: ISO-8859-1
Http-Method: POST
Content-Type: application/json
Headers: {Accept=[application/json, text/plain, */*], accept-encoding=[gzip, deflate, br], Accept-Language=[en-US,en;q=0.9,es;q=0.8], connection=[keep-alive], Content-Length=[127], content-type=[application/json], Host=[localhost:8080], Origin=[http://localhost:4200], Referer=[http://localhost:4200/home], User-Agent=[Mozilla/5.0 (Macintosh; Intel Mac OS X 10_13_4) AppleWebKit/537.36 (KHTML, like Gecko) Chrome/66.0.3359.181 Safari/537.36]}
Payload: {"userId":null,"cuil":null,"lastName":"Fedele","firstName":"Lucas","email":"lucasfdl22@gmail.com","rating":null,"credits":null}
--------------------------------------
WARN	2018-06-10 15:32:15,557	9877	org.apache.cxf.jaxrs.utils.JAXRSUtils	[qtp119420356-20]	Both main.webservices.UsersRest#userLogIn and main.webservices.UsersRest#userLogIn are equal candidates for handling the current request which can lead to unpredictable results
INFO	2018-06-10 15:32:16,196	10516	main.aspects.AuditoryAspect	[qtp119420356-20]	Tiempo: 383 ms
INFO	2018-06-10 15:32:18,515	12835	org.apache.cxf.interceptor.LoggingOutInterceptor	[qtp119420356-20]	Outbound Message
---------------------------
ID: 1
Response-Code: 200
Content-Type: application/json
Headers: {Content-Type=[application/json], Date=[Sun, 10 Jun 2018 19:32:18 GMT]}
Payload: {"adress":"No address","email":"lucasfdl22@gmail.com","firstName":"Lucas","lastName":"Fedele","userId":1,"credits":0.0,"rating":0.0,"cuil":20337778881}
--------------------------------------
